

================================================================
== Vivado HLS Report for 'worker_COO_SpMV'
================================================================
* Date:           Mon Nov 21 17:02:19 2022

* Version:        2016.2 (Build 1577090 on Thu Jun 02 16:59:10 MDT 2016)
* Project:        COO_SpMV.prj
* Solution:       solution1
* Product family: zynq
* Target device:  xc7z020clg484-1


================================================================
== Performance Estimates
================================================================
+ Timing (ns): 
    * Summary: 
    +--------+-------+----------+------------+
    |  Clock | Target| Estimated| Uncertainty|
    +--------+-------+----------+------------+
    |ap_clk  |  10.00|      8.09|        1.25|
    +--------+-------+----------+------------+

+ Latency (clock cycles): 
    * Summary: 
    +------+------+------+------+---------+
    |   Latency   |   Interval  | Pipeline|
    |  min |  max |  min |  max |   Type  |
    +------+------+------+------+---------+
    |  2513|  2513|  2513|  2513|   none  |
    +------+------+------+------+---------+

    + Detail: 
        * Instance: 
        N/A

        * Loop: 
        +----------+------+------+----------+-----------+-----------+------+----------+
        |          |   Latency   | Iteration|  Initiation Interval  | Trip |          |
        | Loop Name|  min |  max |  Latency |  achieved |   target  | Count| Pipelined|
        +----------+------+------+----------+-----------+-----------+------+----------+
        |- Loop 1  |  2511|  2511|        13|          1|          1|  2500|    yes   |
        +----------+------+------+----------+-----------+-----------+------+----------+

============================================================
+ Verbose Summary: Synthesis Manager
============================================================
InlineROM: 1
ExposeGlobal: 0
============================================================
+ Verbose Summary: CDFG Model
============================================================
IsTopModel: 0
ResetActiveHigh: 1
IsCombinational: 0
IsDatapathOnly: 0
HasWiredReturn: 1
HasMFsm: 0
HasVarLatency: 1
IsPipeline: 0
IsRtlPipelined: 0
IsInstanceOverlapped: 0
IsDontTouch: 0
HasImplIP: 0
IsGatedGlobalClock: 0

+ Individual pipeline summary: 
  * Pipeline-0: initiation interval (II) = 1, depth = 13


============================================================
+ Verbose Summary: Schedule
============================================================
* Number of FSM states: 15
* Pipeline: 1
  Pipeline-0: II = 1, D = 13, States = { 2 3 4 5 6 7 8 9 10 11 12 13 14 }
* Dataflow Pipeline: 0

* FSM state transitions: 
1 --> 
	2  / true
2 --> 
	15  / (exitcond)
	3  / (!exitcond)
3 --> 
	4  / true
4 --> 
	5  / true
5 --> 
	6  / true
6 --> 
	7  / true
7 --> 
	8  / true
8 --> 
	9  / true
9 --> 
	10  / true
10 --> 
	11  / true
11 --> 
	12  / true
12 --> 
	13  / true
13 --> 
	14  / true
14 --> 
	2  / true
15 --> 
* FSM state operations: 

 <State 1>: 1.57ns
ST_1: nnz_read [1/1] 1.04ns
:0  %nnz_read = call i32 @_ssdm_op_Read.ap_auto.i32(i32 %nnz)

ST_1: stg_17 [1/1] 1.57ns
:1  br label %1


 <State 2>: 2.71ns
ST_2: i [1/1] 0.00ns
:0  %i = phi i12 [ 0, %0 ], [ %i_4, %._crit_edge ]

ST_2: exitcond [1/1] 2.14ns
:1  %exitcond = icmp eq i12 %i, -1596

ST_2: i_4 [1/1] 1.84ns
:2  %i_4 = add i12 %i, 1

ST_2: stg_21 [1/1] 0.00ns
:3  br i1 %exitcond, label %3, label %2

ST_2: i_cast1 [1/1] 0.00ns
:0  %i_cast1 = zext i12 %i to i32

ST_2: tmp [1/1] 2.52ns
:4  %tmp = icmp slt i32 %i_cast1, %nnz_read

ST_2: stg_24 [1/1] 0.00ns
:5  br i1 %tmp, label %branch0, label %._crit_edge

ST_2: tmp_s [1/1] 0.00ns
branch0:0  %tmp_s = zext i12 %i to i64

ST_2: row_addr [1/1] 0.00ns
branch0:1  %row_addr = getelementptr [2500 x i6]* %row, i64 0, i64 %tmp_s

ST_2: row_load [2/2] 2.71ns
branch0:2  %row_load = load i6* %row_addr, align 1


 <State 3>: 2.71ns
ST_3: row_load [1/2] 2.71ns
branch0:2  %row_load = load i6* %row_addr, align 1

ST_3: extLd [1/1] 0.00ns
branch0:3  %extLd = sext i6 %row_load to i32

ST_3: tmp_12 [1/1] 0.00ns
branch0:4  %tmp_12 = call i1 @_ssdm_op_BitSelect.i1.i6.i32(i6 %row_load, i32 5)

ST_3: stg_31 [1/1] 0.00ns
branch0:5  br i1 %tmp_12, label %._crit_edge, label %branch2

ST_3: val_addr [1/1] 0.00ns
branch2:0  %val_addr = getelementptr [2500 x float]* %val_r, i64 0, i64 %tmp_s

ST_3: val_load [2/2] 2.71ns
branch2:1  %val_load = load float* %val_addr, align 4

ST_3: col_addr [1/1] 0.00ns
branch2:2  %col_addr = getelementptr [2500 x i8]* %col, i64 0, i64 %tmp_s

ST_3: col_load [2/2] 2.71ns
branch2:3  %col_load = load i8* %col_addr, align 1

ST_3: tmp_8 [1/1] 0.00ns
branch2:8  %tmp_8 = zext i32 %extLd to i64

ST_3: output_addr [1/1] 0.00ns
branch2:9  %output_addr = getelementptr [25 x float]* %output_r, i64 0, i64 %tmp_8


 <State 4>: 5.10ns
ST_4: val_load [1/2] 2.71ns
branch2:1  %val_load = load float* %val_addr, align 4

ST_4: col_load [1/2] 2.71ns
branch2:3  %col_load = load i8* %col_addr, align 1

ST_4: tmp_6 [1/1] 0.00ns
branch2:4  %tmp_6 = sext i8 %col_load to i64

ST_4: vector_addr [1/1] 0.00ns
branch2:5  %vector_addr = getelementptr inbounds [100 x float]* @vector, i64 0, i64 %tmp_6

ST_4: vector_load [2/2] 2.39ns
branch2:6  %vector_load = load float* %vector_addr, align 4


 <State 5>: 8.09ns
ST_5: vector_load [1/2] 2.39ns
branch2:6  %vector_load = load float* %vector_addr, align 4

ST_5: tmp_7 [4/4] 5.70ns
branch2:7  %tmp_7 = fmul float %val_load, %vector_load


 <State 6>: 5.70ns
ST_6: tmp_7 [3/4] 5.70ns
branch2:7  %tmp_7 = fmul float %val_load, %vector_load


 <State 7>: 5.70ns
ST_7: tmp_7 [2/4] 5.70ns
branch2:7  %tmp_7 = fmul float %val_load, %vector_load

ST_7: output_load [2/2] 2.39ns
branch2:10  %output_load = load float* %output_addr, align 4


 <State 8>: 5.70ns
ST_8: tmp_7 [1/4] 5.70ns
branch2:7  %tmp_7 = fmul float %val_load, %vector_load

ST_8: output_load [1/2] 2.39ns
branch2:10  %output_load = load float* %output_addr, align 4


 <State 9>: 7.26ns
ST_9: tmp_9 [5/5] 7.26ns
branch2:11  %tmp_9 = fadd float %output_load, %tmp_7


 <State 10>: 7.26ns
ST_10: tmp_9 [4/5] 7.26ns
branch2:11  %tmp_9 = fadd float %output_load, %tmp_7


 <State 11>: 7.26ns
ST_11: tmp_9 [3/5] 7.26ns
branch2:11  %tmp_9 = fadd float %output_load, %tmp_7


 <State 12>: 7.26ns
ST_12: tmp_9 [2/5] 7.26ns
branch2:11  %tmp_9 = fadd float %output_load, %tmp_7


 <State 13>: 7.26ns
ST_13: tmp_9 [1/5] 7.26ns
branch2:11  %tmp_9 = fadd float %output_load, %tmp_7


 <State 14>: 2.39ns
ST_14: empty [1/1] 0.00ns
:1  %empty = call i32 (...)* @_ssdm_op_SpecLoopTripCount(i64 2500, i64 2500, i64 2500)

ST_14: tmp_15 [1/1] 0.00ns
:2  %tmp_15 = call i32 (...)* @_ssdm_op_SpecRegionBegin([12 x i8]* @p_str1) nounwind

ST_14: stg_57 [1/1] 0.00ns
:3  call void (...)* @_ssdm_op_SpecPipeline(i32 -1, i32 1, i32 1, i32 0, [1 x i8]* @p_str) nounwind

ST_14: stg_58 [1/1] 2.39ns
branch2:12  store float %tmp_9, float* %output_addr, align 4

ST_14: stg_59 [1/1] 0.00ns
branch2:13  br label %._crit_edge

ST_14: empty_21 [1/1] 0.00ns
._crit_edge:0  %empty_21 = call i32 (...)* @_ssdm_op_SpecRegionEnd([12 x i8]* @p_str1, i32 %tmp_15) nounwind

ST_14: stg_61 [1/1] 0.00ns
._crit_edge:1  br label %1


 <State 15>: 0.00ns
ST_15: stg_62 [1/1] 0.00ns
:0  ret void



============================================================
+ Verbose Summary: Timing violations
============================================================
Target clock period: 10ns, clock uncertainty: 1.25ns.

 No timing violations. 


============================================================
+ Verbose Summary: Binding
============================================================
N/A
* FSMD analyzer results:
  - Output states:
 - Input state : 
  - Chain level:
	State 1
	State 2
	State 3
	State 4
	State 5
	State 6
	State 7
	State 8
	State 9
	State 10
	State 11
	State 12
	State 13
	State 14
	State 15


============================================================
+ Verbose Summary: Datapath Resource usage 
============================================================
N/A
