==============================================================
File generated by Vivado(TM) HLS - High-Level Synthesis from C, C++ and SystemC
Version: 2016.2
Copyright (C) 1986-2016 Xilinx, Inc. All Rights Reserved.

==============================================================

@I [HLS-10] Setting target device to 'xc7z020clg484-1'
@I [SYN-201] Setting up clock 'default' with a period of 10ns.
@I [SIM-1] CSim done with 0 errors.
@I [HLS-10] Analyzing design file 'Dense_SpMV.cpp' ... 
@I [HLS-10] Validating synthesis directives ...
@I [HLS-10] Starting code transformations ...
@I [HLS-10] Checking synthesizability ...
@I [XFORM-502] Unrolling all loops for pipelining in function 'Dense_SpMV' (Dense_SpMV.cpp:19).
@I [XFORM-501] Unrolling loop 'Loop-1' (Dense_SpMV.cpp:20) in function 'Dense_SpMV' completely.
@I [XFORM-501] Unrolling loop 'Loop-2' (Dense_SpMV.cpp:23) in function 'Dense_SpMV' completely.
@I [XFORM-501] Unrolling loop 'Loop-2.1' (Dense_SpMV.cpp:24) in function 'Dense_SpMV' completely.
@I [ANALYSIS-1] Tool encounters 12799 load/store instructions to analyze which may result in long runtime.
@I [ANALYSIS-1] Tool encounters 12800 load/store instructions to analyze which may result in long runtime.
@E [HLS-70] Failed building synthesis data model.
@I [HLS-111] Elapsed time: 143.73 seconds; current memory usage: 336 MB.
command 'ap_source' returned error code
    while executing
"source [lindex $::argv 1] "
    ("uplevel" body line 1)
    invoked from within
"uplevel \#0 { source [lindex $::argv 1] } "

@I [HLS-112] Total elapsed time: 150.692 seconds; peak memory usage: 336 MB.
