==============================================================
File generated by Vivado(TM) HLS - High-Level Synthesis from C, C++ and SystemC
Version: 2016.2
Copyright (C) 1986-2016 Xilinx, Inc. All Rights Reserved.

==============================================================

@I [HLS-10] Setting target device to 'xc7z020clg484-1'
@I [SYN-201] Setting up clock 'default' with a period of 10ns.
@I [HLS-10] Analyzing design file 'COO_SpMV.cpp' ... 
@I [HLS-10] Validating synthesis directives ...
@I [HLS-10] Starting code transformations ...
@I [HLS-10] Checking synthesizability ...
@I [XFORM-602] Inlining function 'count_nnz' into 'worker' (COO_SpMV.cpp:96) automatically.
@I [XFORM-501] Unrolling loop 'LOOP_PE1' (COO_SpMV.cpp:94) in function 'worker' completely.
@I [XFORM-501] Unrolling loop 'LOOP_PE2' (COO_SpMV.cpp:100) in function 'worker' completely.
@I [XFORM-501] Unrolling loop 'LOOP_DEST1' (COO_SpMV.cpp:101) in function 'worker' completely.
@I [XFORM-101] Partitioning array 'matrix_1'  in dimension 1 completely.
@I [XFORM-101] Partitioning array 'dest_1' (COO_SpMV.cpp:88) in dimension 1 completely.
@I [XFORM-101] Partitioning array 'row_1' (COO_SpMV.cpp:89) in dimension 1 completely.
@I [XFORM-101] Partitioning array 'col_1' (COO_SpMV.cpp:90) in dimension 1 completely.
@I [XFORM-101] Partitioning array 'val_1' (COO_SpMV.cpp:91) in dimension 1 completely.
@I [XFORM-101] Partitioning array 'row_nnz' (COO_SpMV.cpp:92) in dimension 1 completely.
@I [HLS-111] Elapsed time: 5.67 seconds; current memory usage: 87.3 MB.
@I [HLS-10] Starting hardware synthesis ...
@I [HLS-10] Synthesizing 'worker' ...
@I [HLS-10] ----------------------------------------------------------------
@I [HLS-10] -- Scheduling module 'worker_create_COO' 
@I [HLS-10] ----------------------------------------------------------------
@I [SCHED-11] Starting scheduling ...
@I [SCHED-11] Finished scheduling.
@I [HLS-111] Elapsed time: 0.05 seconds; current memory usage: 87.9 MB.
@I [HLS-10] ----------------------------------------------------------------
@I [HLS-10] -- Exploring micro-architecture for module 'worker_create_COO' 
@I [HLS-10] ----------------------------------------------------------------
@I [BIND-100] Starting micro-architecture generation ...
@I [BIND-101] Performing variable lifetime analysis.
@I [BIND-101] Exploring resource sharing.
@I [BIND-101] Binding ...
@I [BIND-100] Finished micro-architecture generation.
@I [HLS-111] Elapsed time: 0.02 seconds; current memory usage: 88.3 MB.
@I [HLS-10] ----------------------------------------------------------------
@I [HLS-10] -- Scheduling module 'worker_COO_SpMV' 
@I [HLS-10] ----------------------------------------------------------------
@I [SCHED-11] Starting scheduling ...
@I [SCHED-11] Finished scheduling.
@I [HLS-111] Elapsed time: 0.07 seconds; current memory usage: 88.6 MB.
@I [HLS-10] ----------------------------------------------------------------
@I [HLS-10] -- Exploring micro-architecture for module 'worker_COO_SpMV' 
@I [HLS-10] ----------------------------------------------------------------
@I [BIND-100] Starting micro-architecture generation ...
@I [BIND-101] Performing variable lifetime analysis.
@I [BIND-101] Exploring resource sharing.
@I [BIND-101] Binding ...
@I [BIND-100] Finished micro-architecture generation.
@I [HLS-111] Elapsed time: 0.02 seconds; current memory usage: 88.8 MB.
@I [HLS-10] ----------------------------------------------------------------
@I [HLS-10] -- Scheduling module 'worker' 
@I [HLS-10] ----------------------------------------------------------------
@I [SCHED-11] Starting scheduling ...
@I [SCHED-11] Finished scheduling.
@I [HLS-111] Elapsed time: 0.09 seconds; current memory usage: 89.5 MB.
@I [HLS-10] ----------------------------------------------------------------
@I [HLS-10] -- Exploring micro-architecture for module 'worker' 
@I [HLS-10] ----------------------------------------------------------------
@I [BIND-100] Starting micro-architecture generation ...
@I [BIND-101] Performing variable lifetime analysis.
@I [BIND-101] Exploring resource sharing.
@I [BIND-101] Binding ...
@I [BIND-100] Finished micro-architecture generation.
@I [HLS-111] Elapsed time: 0.1 seconds; current memory usage: 90.4 MB.
@I [HLS-10] ----------------------------------------------------------------
@I [HLS-10] -- Generating RTL for module 'worker_create_COO' 
@I [HLS-10] ----------------------------------------------------------------
@I [RTGEN-100] Generating core module 'worker_fcmp_32ns_32ns_1_1': 1 instance(s).
@I [RTGEN-100] Finished creating RTL model for 'worker_create_COO'.
@I [HLS-111] Elapsed time: 0.16 seconds; current memory usage: 91 MB.
@I [HLS-10] ----------------------------------------------------------------
@I [HLS-10] -- Generating RTL for module 'worker_COO_SpMV' 
@I [HLS-10] ----------------------------------------------------------------
@I [RTGEN-100] Generating core module 'worker_fadd_32ns_32ns_32_5_full_dsp': 1 instance(s).
@I [RTGEN-100] Generating core module 'worker_fmul_32ns_32ns_32_4_max_dsp': 1 instance(s).
@I [RTGEN-100] Finished creating RTL model for 'worker_COO_SpMV'.
@I [HLS-111] Elapsed time: 0.15 seconds; current memory usage: 92.8 MB.
@I [HLS-10] ----------------------------------------------------------------
@I [HLS-10] -- Generating RTL for module 'worker' 
@I [HLS-10] ----------------------------------------------------------------
@I [RTGEN-500] Setting interface mode on port 'worker/dest' to 'ap_memory'.
@I [RTGEN-500] Setting interface mode on function 'worker' to 'ap_ctrl_hs'.
@I [RTGEN-100] Generating core module 'worker_mux_4to1_sel2_32_1': 1 instance(s).
@I [RTGEN-100] Finished creating RTL model for 'worker'.
@I [HLS-111] Elapsed time: 0.24 seconds; current memory usage: 94.9 MB.
@I [RTMG-279] Implementing memory 'worker_COO_SpMV_vector_rom' using auto ROMs.
@W [RTMG-274] Memory 'worker_matrix_1_0' is read-only, switch it to a ROM.
@I [RTMG-279] Implementing memory 'worker_matrix_1_0_rom' using block ROMs.
@W [RTMG-274] Memory 'worker_row_nnz_0' is read-only, switch it to a ROM.
@I [RTMG-279] Implementing memory 'worker_row_nnz_0_rom' using distributed ROMs.
@W [RTMG-274] Memory 'worker_matrix_1_1' is read-only, switch it to a ROM.
@I [RTMG-279] Implementing memory 'worker_matrix_1_1_rom' using block ROMs.
@W [RTMG-274] Memory 'worker_row_nnz_1' is read-only, switch it to a ROM.
@I [RTMG-279] Implementing memory 'worker_row_nnz_1_rom' using distributed ROMs.
@W [RTMG-274] Memory 'worker_matrix_1_2' is read-only, switch it to a ROM.
@I [RTMG-279] Implementing memory 'worker_matrix_1_2_rom' using block ROMs.
@W [RTMG-274] Memory 'worker_row_nnz_2' is read-only, switch it to a ROM.
@I [RTMG-279] Implementing memory 'worker_row_nnz_2_rom' using distributed ROMs.
@W [RTMG-274] Memory 'worker_matrix_1_3' is read-only, switch it to a ROM.
@I [RTMG-279] Implementing memory 'worker_matrix_1_3_rom' using block ROMs.
@W [RTMG-274] Memory 'worker_row_nnz_3' is read-only, switch it to a ROM.
@I [RTMG-279] Implementing memory 'worker_row_nnz_3_rom' using distributed ROMs.
@I [RTMG-278] Implementing memory 'worker_dest_1_0_ram' using block RAMs.
@I [RTMG-278] Implementing memory 'worker_row_1_0_ram' using block RAMs.
@I [RTMG-278] Implementing memory 'worker_col_1_0_ram' using block RAMs.
@I [RTMG-278] Implementing memory 'worker_val_1_0_ram' using block RAMs.
@I [HLS-10] Finished generating all RTL models.
@I [SYSC-301] Generating SystemC RTL for worker.
@I [VHDL-304] Generating VHDL RTL for worker.
@I [VLOG-307] Generating Verilog RTL for worker.
@I [COSIM-47] Using XSIM for RTL simulation.
@I [COSIM-14] Instrumenting C test bench ...
@I [COSIM-302] Starting C TB testing ... 
@I [COSIM-333] Generating C post check test bench ...
@I [COSIM-12] Generating RTL test bench ...
@I [COSIM-323] Starting verilog simulation. 
@I [COSIM-15] Starting XSIM ...
@I [COSIM-316] Starting C post checking ...
@E [COSIM-361] C TB post check failed, nonzero return value '255'.
@E [COSIM-4] *** C/RTL co-simulation finished: FAIL ***
command 'ap_source' returned error code
    while executing
"source [lindex $::argv 1] "
    ("uplevel" body line 1)
    invoked from within
"uplevel \#0 { source [lindex $::argv 1] } "

@I [HLS-112] Total elapsed time: 57.143 seconds; peak memory usage: 94.9 MB.
