#-----------------------------------------------------------
# Vivado v2016.2 (64-bit)
# SW Build 1577090 on Thu Jun  2 16:32:35 MDT 2016
# IP Build 1577682 on Fri Jun  3 12:00:54 MDT 2016
# Start of session at: Fri Nov 18 16:49:50 2022
# Process ID: 41669
# Current directory: /home/ak2425/ece5775/ece5775_project/project/COO_SpMV.prj/solution1/.autopilot/db/ip_tmp
# Command line: vivado  -notrace -mode batch -source run_vivado.tcl
# Log file: /home/ak2425/ece5775/ece5775_project/project/COO_SpMV.prj/solution1/.autopilot/db/ip_tmp/vivado.log
# Journal file: /home/ak2425/ece5775/ece5775_project/project/COO_SpMV.prj/solution1/.autopilot/db/ip_tmp/vivado.jou
#-----------------------------------------------------------
source run_vivado.tcl -notrace
INFO: [IP_Flow 19-234] Refreshing IP repositories
INFO: [IP_Flow 19-1704] No user IP repositories specified
INFO: [IP_Flow 19-2313] Loaded Vivado IP repository '/opt/xilinx/xilinx_2016.2/Vivado/2016.2/data/ip'.
INFO: [IP_Flow 19-1686] Generating 'Synthesis' target for IP 'COO_SpMV_ap_fadd_3_full_dsp_32'...
INFO: [IP_Flow 19-1686] Generating 'Simulation' target for IP 'COO_SpMV_ap_fadd_3_full_dsp_32'...
INFO: [IP_Flow 19-1686] Generating 'Synthesis' target for IP 'COO_SpMV_ap_fmul_2_max_dsp_32'...
INFO: [IP_Flow 19-1686] Generating 'Simulation' target for IP 'COO_SpMV_ap_fmul_2_max_dsp_32'...
INFO: [Common 17-206] Exiting Vivado at Fri Nov 18 16:50:06 2022...
